[INFO ] 2019-07-07 14:42:52,547 baseProperties.intializeDriver() - Firefox Driver intilized successfully
[INFO ] 2019-07-07 14:42:52,550 baseProperties.intializeDriver() - Firefox Browser selected & Launch
[DEBUG] 2019-07-07 14:43:07,052 baseProperties.intializeDriver() - URL provided
[DEBUG] 2019-07-07 14:43:07,361 baseProperties.intializeDriver() - Screen maximized successfully
[DEBUG] 2019-07-07 14:43:07,361 baseProperties.intializeDriver() - Waiting to access above URL
[DEBUG] 2019-07-07 14:43:14,965 baseProperties.intializeDriver() -  Verified that VoiceWatch login screen appeared successfully
[DEBUG] 2019-07-07 14:43:15,310 pom001_VoiceWatch_logIn_Page.getUsername() - Start inserting User Credetials
[DEBUG] 2019-07-07 14:43:15,310 pom001_VoiceWatch_logIn_Page.getUsername() - UserName inserted Successfully
[DEBUG] 2019-07-07 14:43:15,357 pom001_VoiceWatch_logIn_Page.getPassword() - Password inserted Successfully
[DEBUG] 2019-07-07 14:43:15,404 pom001_VoiceWatch_logIn_Page.getSignButton() - Sigin button Clicked Successfully
[DEBUG] 2019-07-07 14:43:15,670 TC0010_login_With_Client_OR_Partner_Client_Enhanced_User.logInWithPartnerClient_EnhancedUser() - Waiting for launch VoiceWatch application using above creadetails
[INFO ] 2019-07-07 14:43:32,564 TC0010_login_With_Client_OR_Partner_Client_Enhanced_User.logInWithPartnerClient_EnhancedUser() - Verified that VoiceWatch Application login successfully with Client/Partner Clinet_Enhanced User creadetial
[DEBUG] 2019-07-07 14:43:32,564 TC0010_login_With_Client_OR_Partner_Client_Enhanced_User.logInWithPartnerClient_EnhancedUser() - Validate the requiment as Aceess Level= Client/Partner_Client & Role=Enhamced User
[DEBUG] 2019-07-07 14:43:32,617 pom002_VoiceWatch_Home_Page.header() - Verified that 'Empirix Logo' appeared on top left corner VoiceWatch dashboard
[DEBUG] 2019-07-07 14:43:32,633 pom002_VoiceWatch_Home_Page.header() - Verified that 'Empirix Logo' enabled on top left corner VoiceWatch dashboard
[DEBUG] 2019-07-07 14:43:32,680 pom002_VoiceWatch_Home_Page.header() - Verified that 'Empirix Lebel' appeared on top left corner VoiceWatch dashboard
[DEBUG] 2019-07-07 14:43:32,695 pom002_VoiceWatch_Home_Page.header() - Verified that 'EMPIRIX' Text appeared on top left corner VoiceWatch dashboard
[DEBUG] 2019-07-07 14:43:32,711 pom002_VoiceWatch_Home_Page.header() - Verified that 'Empirix label' enabled on top left corner VoiceWatch dashboard
[DEBUG] 2019-07-07 14:43:32,805 pom002_VoiceWatch_Home_Page.header() - Verified that 'Application Name' appeared on top left corner VoiceWatch dashboard
[DEBUG] 2019-07-07 14:43:32,820 pom002_VoiceWatch_Home_Page.header() - Verified that 'Application Name' enabled on top left corner VoiceWatch dashboard
[DEBUG] 2019-07-07 14:43:32,836 pom002_VoiceWatch_Home_Page.header() - Verified that 'VoiceWatch' Text appeared on top left corner VoiceWatch dashboard
[DEBUG] 2019-07-07 14:43:32,883 pom002_VoiceWatch_Home_Page.header() - Verified that dropdown appeared on top right corner VoiceWatch dashboard
[DEBUG] 2019-07-07 14:43:32,899 pom002_VoiceWatch_Home_Page.header() - Verified that dropdwon enabled on top right corner VoiceWatch dashboard
[DEBUG] 2019-07-07 14:43:32,945 pom002_VoiceWatch_Home_Page.header() - Verified that 'ContacUs' appeared on top right corner VoiceWatch dashboard
[DEBUG] 2019-07-07 14:43:32,961 pom002_VoiceWatch_Home_Page.header() - Verified that 'ContacUs' enabled on top right corner VoiceWatch dashboard
[DEBUG] 2019-07-07 14:43:32,977 pom002_VoiceWatch_Home_Page.header() - Verified that 'Contact Us' Text appeared on top left corner VoiceWatch dashboard
[DEBUG] 2019-07-07 14:43:33,023 pom002_VoiceWatch_Home_Page.header() - Verified that 'Help' appeared on top right corner VoiceWatch dashboard
[DEBUG] 2019-07-07 14:43:33,039 pom002_VoiceWatch_Home_Page.header() - Verified that 'help' enabled on top right corner VoiceWatch dashboard
[DEBUG] 2019-07-07 14:43:33,055 pom002_VoiceWatch_Home_Page.header() - Verified that 'Help' Text appeared on top left corner VoiceWatch dashboard
[DEBUG] 2019-07-07 14:43:33,102 pom002_VoiceWatch_Home_Page.footer() - Verified that 'BackToTop link' appeared on bottom right corner VoiceWatch dashboard
[DEBUG] 2019-07-07 14:43:33,117 pom002_VoiceWatch_Home_Page.footer() - Verified that 'BackToTop link' enabled on bottom right corner VoiceWatch dashboard
[DEBUG] 2019-07-07 14:43:33,133 pom002_VoiceWatch_Home_Page.footer() - Verified that 'Back to top' Text appeared on top left corner VoiceWatch dashboard
[DEBUG] 2019-07-07 14:43:33,180 pom002_VoiceWatch_Home_Page.footer() - Verified that 'Version' Text appeared on bottom left corner VoiceWatch dashboard
[DEBUG] 2019-07-07 14:43:33,195 pom002_VoiceWatch_Home_Page.footer() - Verified that 'Version' test enabled on right corner VoiceWatch dashboard
[DEBUG] 2019-07-07 14:43:33,211 pom002_VoiceWatch_Home_Page.footer() - Verified that 'Version' Text appeared on top left corner VoiceWatch dashboard
[DEBUG] 2019-07-07 14:43:33,258 pom002_VoiceWatch_Home_Page.footer() - Verified that 'Version Number' appeared on bottom left corner VoiceWatch dashboard
[DEBUG] 2019-07-07 14:43:33,274 pom002_VoiceWatch_Home_Page.footer() - Verified that 'Version Number' enabled on right corner VoiceWatch dashboard
[DEBUG] 2019-07-07 14:43:33,289 pom002_VoiceWatch_Home_Page.footer() - Verified that 'Version contain 26.0' appeared on top left corner VoiceWatch dashboard
[DEBUG] 2019-07-07 14:43:33,336 pom002_VoiceWatch_Home_Page.footer() - Verified that 'Empirix Label' appeared on bottom left corner VoiceWatch dashboard
[DEBUG] 2019-07-07 14:43:33,352 pom002_VoiceWatch_Home_Page.footer() - Verified that 'Empirix Label' enabled on right corner VoiceWatch dashboard
[DEBUG] 2019-07-07 14:43:33,383 pom002_VoiceWatch_Home_Page.footer() - Verified that 'Empirix' Text appeared on top left corner VoiceWatch dashboard
[DEBUG] 2019-07-07 14:43:34,211 pom003_VoiceWatch_Dashboard_Tab.OverallPerfomance_section_dashboard() - Verified that 'Overall Performance' displayed under dashoboard tab
[DEBUG] 2019-07-07 14:43:34,224 pom003_VoiceWatch_Dashboard_Tab.OverallPerfomance_section_dashboard() - Verified that 'Overall Performance' Text appeared under dashboard Tab
[DEBUG] 2019-07-07 14:43:34,271 pom003_VoiceWatch_Dashboard_Tab.OverallPerfomance_section_dashboard() - Verified that 'Failed Calls' dislayed under Overall Performance section in dashboard Tab
[DEBUG] 2019-07-07 14:43:34,287 pom003_VoiceWatch_Dashboard_Tab.OverallPerfomance_section_dashboard() - Verified that 'Failed Calls' comtain under Overall Performance section in dashboard Tab
[DEBUG] 2019-07-07 14:43:34,334 pom003_VoiceWatch_Dashboard_Tab.OverallPerfomance_section_dashboard() - Verified that 'Passed Calls' dislayed under Overall Performance section in dashboard Tab
[DEBUG] 2019-07-07 14:43:34,349 pom003_VoiceWatch_Dashboard_Tab.OverallPerfomance_section_dashboard() - Verified that 'Passed Calls' comtain under Overall Performance section in dashboard Tab
[DEBUG] 2019-07-07 14:43:34,396 pom003_VoiceWatch_Dashboard_Tab.OverallPerfomance_section_dashboard() - Verified that 'Alerts' dislayed under Overall Performance section in dashboard Tab
[DEBUG] 2019-07-07 14:43:34,412 pom003_VoiceWatch_Dashboard_Tab.OverallPerfomance_section_dashboard() - Verified that 'Alerts' comtain under Overall Performance section in dashboard Tab
[DEBUG] 2019-07-07 14:43:34,459 pom003_VoiceWatch_Dashboard_Tab.OverallPerfomance_section_dashboard() - Verified that 'Download CSV' button dislayed under Overall Performance section in dashboard Tab
[DEBUG] 2019-07-07 14:43:34,474 pom003_VoiceWatch_Dashboard_Tab.OverallPerfomance_section_dashboard() - Verified that 'Download CSV' button enabled under Overall Performance section in dashboard Tab
[DEBUG] 2019-07-07 14:43:34,490 pom003_VoiceWatch_Dashboard_Tab.OverallPerfomance_section_dashboard() - Verified that 'Download CSV' test appeared on the button under Overall Performance section in dashboard Tab
[DEBUG] 2019-07-07 14:43:34,537 pom003_VoiceWatch_Dashboard_Tab.activetest_section_dashboard() - Verified that 'Overall Performance' displayed under dashoboard tab
[DEBUG] 2019-07-07 14:43:34,552 pom003_VoiceWatch_Dashboard_Tab.activetest_section_dashboard() - Verified that 'Tests' Text appeared under activetest section in dashboard Tab
[DEBUG] 2019-07-07 14:43:34,599 pom003_VoiceWatch_Dashboard_Tab.activetest_section_dashboard() - Verified that 'filter' appeared under activetest section section in dashboard Tab
[DEBUG] 2019-07-07 14:43:34,646 pom003_VoiceWatch_Dashboard_Tab.activetest_section_dashboard() - Verified that 'Passed Calls' dislayed under activetest section section in dashboard Tab
[DEBUG] 2019-07-07 14:43:34,662 pom003_VoiceWatch_Dashboard_Tab.activetest_section_dashboard() - Verified that 'Last Call' coloumn under Tests table in dashboard Tab
[DEBUG] 2019-07-07 14:43:34,709 pom003_VoiceWatch_Dashboard_Tab.activetest_section_dashboard() - Verified that 'Name' dislayed under activetest section section in dashboard Tab
[DEBUG] 2019-07-07 14:43:34,724 pom003_VoiceWatch_Dashboard_Tab.activetest_section_dashboard() - Verified that 'Name' coloumn under Tests table in dashboard Tab
[DEBUG] 2019-07-07 14:43:34,771 pom003_VoiceWatch_Dashboard_Tab.activetest_section_dashboard() - Verified that 'Failed' dislayed under activetest section section in dashboard Tab
[DEBUG] 2019-07-07 14:43:34,787 pom003_VoiceWatch_Dashboard_Tab.activetest_section_dashboard() - Verified that 'Failed' coloumn under Tests table in dashboard Tab
[DEBUG] 2019-07-07 14:43:34,834 pom003_VoiceWatch_Dashboard_Tab.activetest_section_dashboard() - Verified that 'Passed ' dislayed under activetest section section in dashboard Tab
[DEBUG] 2019-07-07 14:43:34,849 pom003_VoiceWatch_Dashboard_Tab.activetest_section_dashboard() - Verified that 'Passed' coloumn under Tests table in dashboard Tab
[DEBUG] 2019-07-07 14:43:34,896 pom003_VoiceWatch_Dashboard_Tab.activetest_section_dashboard() - Verified that 'Alerts' dislayed under activetest section section in dashboard Tab
[DEBUG] 2019-07-07 14:43:34,918 pom003_VoiceWatch_Dashboard_Tab.activetest_section_dashboard() - Verified that 'Alerts' coloumn under Tests table in dashboard Tab
[DEBUG] 2019-07-07 14:43:34,965 pom003_VoiceWatch_Dashboard_Tab.activetest_section_dashboard() - Verified that 'Graph Results' dislayed under activetest section section in dashboard Tab
[DEBUG] 2019-07-07 14:43:34,980 pom003_VoiceWatch_Dashboard_Tab.activetest_section_dashboard() - Verified that 'Graph Results' coloumn under Tests table in dashboard Tab
[DEBUG] 2019-07-07 14:43:35,027 pom003_VoiceWatch_Dashboard_Tab.activetest_section_dashboard() - Verified that 'Notification Present' dislayed under activetest section section in dashboard Tab
[DEBUG] 2019-07-07 14:43:35,043 pom003_VoiceWatch_Dashboard_Tab.activetest_section_dashboard() - Verified that 'Notification Present' coloumn under Tests table in dashboard Tab
[DEBUG] 2019-07-07 14:43:35,090 pom002_VoiceWatch_Home_Page.header() - Verified that 'Empirix Logo' appeared on top left corner VoiceWatch dashboard
[DEBUG] 2019-07-07 14:43:35,105 pom002_VoiceWatch_Home_Page.header() - Verified that 'Empirix Logo' enabled on top left corner VoiceWatch dashboard
[DEBUG] 2019-07-07 14:43:35,152 pom002_VoiceWatch_Home_Page.header() - Verified that 'Empirix Lebel' appeared on top left corner VoiceWatch dashboard
[DEBUG] 2019-07-07 14:43:35,168 pom002_VoiceWatch_Home_Page.header() - Verified that 'EMPIRIX' Text appeared on top left corner VoiceWatch dashboard
[DEBUG] 2019-07-07 14:43:35,183 pom002_VoiceWatch_Home_Page.header() - Verified that 'Empirix label' enabled on top left corner VoiceWatch dashboard
[DEBUG] 2019-07-07 14:43:35,230 pom002_VoiceWatch_Home_Page.header() - Verified that 'Application Name' appeared on top left corner VoiceWatch dashboard
[DEBUG] 2019-07-07 14:43:35,234 pom002_VoiceWatch_Home_Page.header() - Verified that 'Application Name' enabled on top left corner VoiceWatch dashboard
[DEBUG] 2019-07-07 14:43:35,250 pom002_VoiceWatch_Home_Page.header() - Verified that 'VoiceWatch' Text appeared on top left corner VoiceWatch dashboard
[DEBUG] 2019-07-07 14:43:35,296 pom002_VoiceWatch_Home_Page.header() - Verified that dropdown appeared on top right corner VoiceWatch dashboard
[DEBUG] 2019-07-07 14:43:35,312 pom002_VoiceWatch_Home_Page.header() - Verified that dropdwon enabled on top right corner VoiceWatch dashboard
[DEBUG] 2019-07-07 14:43:35,359 pom002_VoiceWatch_Home_Page.header() - Verified that 'ContacUs' appeared on top right corner VoiceWatch dashboard
[DEBUG] 2019-07-07 14:43:35,364 pom002_VoiceWatch_Home_Page.header() - Verified that 'ContacUs' enabled on top right corner VoiceWatch dashboard
[DEBUG] 2019-07-07 14:43:35,380 pom002_VoiceWatch_Home_Page.header() - Verified that 'Contact Us' Text appeared on top left corner VoiceWatch dashboard
[DEBUG] 2019-07-07 14:43:35,427 pom002_VoiceWatch_Home_Page.header() - Verified that 'Help' appeared on top right corner VoiceWatch dashboard
[DEBUG] 2019-07-07 14:43:35,442 pom002_VoiceWatch_Home_Page.header() - Verified that 'help' enabled on top right corner VoiceWatch dashboard
[DEBUG] 2019-07-07 14:43:35,458 pom002_VoiceWatch_Home_Page.header() - Verified that 'Help' Text appeared on top left corner VoiceWatch dashboard
[DEBUG] 2019-07-07 14:43:35,505 pom002_VoiceWatch_Home_Page.footer() - Verified that 'BackToTop link' appeared on bottom right corner VoiceWatch dashboard
[DEBUG] 2019-07-07 14:43:35,520 pom002_VoiceWatch_Home_Page.footer() - Verified that 'BackToTop link' enabled on bottom right corner VoiceWatch dashboard
[DEBUG] 2019-07-07 14:43:35,536 pom002_VoiceWatch_Home_Page.footer() - Verified that 'Back to top' Text appeared on top left corner VoiceWatch dashboard
[DEBUG] 2019-07-07 14:43:35,583 pom002_VoiceWatch_Home_Page.footer() - Verified that 'Version' Text appeared on bottom left corner VoiceWatch dashboard
[DEBUG] 2019-07-07 14:43:35,599 pom002_VoiceWatch_Home_Page.footer() - Verified that 'Version' test enabled on right corner VoiceWatch dashboard
[DEBUG] 2019-07-07 14:43:35,614 pom002_VoiceWatch_Home_Page.footer() - Verified that 'Version' Text appeared on top left corner VoiceWatch dashboard
[DEBUG] 2019-07-07 14:43:35,661 pom002_VoiceWatch_Home_Page.footer() - Verified that 'Version Number' appeared on bottom left corner VoiceWatch dashboard
[DEBUG] 2019-07-07 14:43:35,677 pom002_VoiceWatch_Home_Page.footer() - Verified that 'Version Number' enabled on right corner VoiceWatch dashboard
[DEBUG] 2019-07-07 14:43:35,692 pom002_VoiceWatch_Home_Page.footer() - Verified that 'Version contain 26.0' appeared on top left corner VoiceWatch dashboard
[DEBUG] 2019-07-07 14:43:35,755 pom002_VoiceWatch_Home_Page.footer() - Verified that 'Empirix Label' appeared on bottom left corner VoiceWatch dashboard
[DEBUG] 2019-07-07 14:43:35,771 pom002_VoiceWatch_Home_Page.footer() - Verified that 'Empirix Label' enabled on right corner VoiceWatch dashboard
[DEBUG] 2019-07-07 14:43:35,786 pom002_VoiceWatch_Home_Page.footer() - Verified that 'Empirix' Text appeared on top left corner VoiceWatch dashboard
[DEBUG] 2019-07-07 14:43:36,349 pom004_VoiceWatch_Alerts_Tab.alertsValidations() - Verified that 'Show All Errors' checkbox appeared under Alert tab
[DEBUG] 2019-07-07 14:43:36,357 pom004_VoiceWatch_Alerts_Tab.alertsValidations() - Verified that 'Show All Errors' checkbox enabled under Alert tab
[DEBUG] 2019-07-07 14:43:36,373 pom004_VoiceWatch_Alerts_Tab.alertsValidations() - Verified that 'Show All Errors' checkbox selectable under Alert tab
[DEBUG] 2019-07-07 14:43:36,419 pom004_VoiceWatch_Alerts_Tab.alertsValidations() - Verified that 'Filter by test name or tag filter'appeared under Alert tab
[DEBUG] 2019-07-07 14:43:36,435 pom004_VoiceWatch_Alerts_Tab.alertsValidations() - Verified that 'Filter by test name or tag filter'enabled under Alert tab
[DEBUG] 2019-07-07 14:43:36,451 pom004_VoiceWatch_Alerts_Tab.alertsValidations() - Verified that 'Filter by test name' is blank while select Alert tab
[DEBUG] 2019-07-07 14:43:36,498 pom004_VoiceWatch_Alerts_Tab.alertsValidations() - Verified that 'Test Time' dislayed under Alerts Tab
[DEBUG] 2019-07-07 14:43:36,513 pom004_VoiceWatch_Alerts_Tab.alertsValidations() - Verified that 'Test Time' coloumn under Alerts Tab
[DEBUG] 2019-07-07 14:43:36,560 pom004_VoiceWatch_Alerts_Tab.alertsValidations() - Verified that 'Test' dislayed under Alerts Tab
[DEBUG] 2019-07-07 14:43:36,576 pom004_VoiceWatch_Alerts_Tab.alertsValidations() - Verified that 'Test' coloumn under Alerts Tab
[DEBUG] 2019-07-07 14:43:36,623 pom004_VoiceWatch_Alerts_Tab.alertsValidations() - Verified that 'Error Step' dislayed under Alerts Tab
[DEBUG] 2019-07-07 14:43:36,638 pom004_VoiceWatch_Alerts_Tab.alertsValidations() - Verified that 'Error Step' coloumn under Alerts Tab
[DEBUG] 2019-07-07 14:43:36,685 pom004_VoiceWatch_Alerts_Tab.alertsValidations() - Verified that 'Error Message' dislayed under Alerts Tab
[DEBUG] 2019-07-07 14:43:36,701 pom004_VoiceWatch_Alerts_Tab.alertsValidations() - Verified that 'Error Message' coloumn under Alerts Tab
[DEBUG] 2019-07-07 14:43:36,748 pom004_VoiceWatch_Alerts_Tab.alertsValidations() - Verified that 'Threshold' dislayed under Alerts Tab
[DEBUG] 2019-07-07 14:43:36,763 pom004_VoiceWatch_Alerts_Tab.alertsValidations() - Verified that 'Threshold' coloumn under Alerts Tab
[DEBUG] 2019-07-07 14:43:36,810 pom004_VoiceWatch_Alerts_Tab.alertsValidations() - Verified that 'Severity' dislayed under Alerts Tab
[DEBUG] 2019-07-07 14:43:36,826 pom004_VoiceWatch_Alerts_Tab.alertsValidations() - Verified that 'Severity' coloumn under Alerts Tab
[DEBUG] 2019-07-07 14:43:36,873 pom004_VoiceWatch_Alerts_Tab.alertsValidations() - Verified that 'Alert Status' dislayed under Alerts Tab
[DEBUG] 2019-07-07 14:43:36,888 pom004_VoiceWatch_Alerts_Tab.alertsValidations() - Verified that 'Alert Status' coloumn under Alerts Tab
[DEBUG] 2019-07-07 14:43:36,935 pom004_VoiceWatch_Alerts_Tab.alertsValidations() - Verified that count of total alert dislayed under Alerts Tab
[DEBUG] 2019-07-07 14:43:36,951 pom004_VoiceWatch_Alerts_Tab.alertsValidations() - Verified that 'Toal' text contain under Alerts Tab
[DEBUG] 2019-07-07 14:43:36,998 pom004_VoiceWatch_Alerts_Tab.alertsValidations() - Verified that count of critical alert dislayed under Alerts Tab
[DEBUG] 2019-07-07 14:43:37,013 pom004_VoiceWatch_Alerts_Tab.alertsValidations() - Verified that 'critical' text contain under Alerts Tab
[DEBUG] 2019-07-07 14:43:37,060 pom004_VoiceWatch_Alerts_Tab.alertsValidations() - Verified that count of Warning alerts dislayed under Alerts Tab
[DEBUG] 2019-07-07 14:43:37,076 pom004_VoiceWatch_Alerts_Tab.alertsValidations() - Verified that 'Warning' text contain under Alerts Tab
[DEBUG] 2019-07-07 14:43:37,091 pom004_VoiceWatch_Alerts_Tab.hammerColumn() - Verified that 'Hammer' coloum dislayed under Alerts Tab
[DEBUG] 2019-07-07 14:43:37,138 pom002_VoiceWatch_Home_Page.header() - Verified that 'Empirix Logo' appeared on top left corner VoiceWatch dashboard
[DEBUG] 2019-07-07 14:43:37,154 pom002_VoiceWatch_Home_Page.header() - Verified that 'Empirix Logo' enabled on top left corner VoiceWatch dashboard
[DEBUG] 2019-07-07 14:43:37,201 pom002_VoiceWatch_Home_Page.header() - Verified that 'Empirix Lebel' appeared on top left corner VoiceWatch dashboard
[DEBUG] 2019-07-07 14:43:37,216 pom002_VoiceWatch_Home_Page.header() - Verified that 'EMPIRIX' Text appeared on top left corner VoiceWatch dashboard
[DEBUG] 2019-07-07 14:43:37,232 pom002_VoiceWatch_Home_Page.header() - Verified that 'Empirix label' enabled on top left corner VoiceWatch dashboard
[DEBUG] 2019-07-07 14:43:37,279 pom002_VoiceWatch_Home_Page.header() - Verified that 'Application Name' appeared on top left corner VoiceWatch dashboard
[DEBUG] 2019-07-07 14:43:37,295 pom002_VoiceWatch_Home_Page.header() - Verified that 'Application Name' enabled on top left corner VoiceWatch dashboard
[DEBUG] 2019-07-07 14:43:37,310 pom002_VoiceWatch_Home_Page.header() - Verified that 'VoiceWatch' Text appeared on top left corner VoiceWatch dashboard
[DEBUG] 2019-07-07 14:43:37,357 pom002_VoiceWatch_Home_Page.header() - Verified that dropdown appeared on top right corner VoiceWatch dashboard
[DEBUG] 2019-07-07 14:43:37,361 pom002_VoiceWatch_Home_Page.header() - Verified that dropdwon enabled on top right corner VoiceWatch dashboard
[DEBUG] 2019-07-07 14:43:37,408 pom002_VoiceWatch_Home_Page.header() - Verified that 'ContacUs' appeared on top right corner VoiceWatch dashboard
[DEBUG] 2019-07-07 14:43:37,424 pom002_VoiceWatch_Home_Page.header() - Verified that 'ContacUs' enabled on top right corner VoiceWatch dashboard
[DEBUG] 2019-07-07 14:43:37,439 pom002_VoiceWatch_Home_Page.header() - Verified that 'Contact Us' Text appeared on top left corner VoiceWatch dashboard
[DEBUG] 2019-07-07 14:43:37,486 pom002_VoiceWatch_Home_Page.header() - Verified that 'Help' appeared on top right corner VoiceWatch dashboard
[DEBUG] 2019-07-07 14:43:37,502 pom002_VoiceWatch_Home_Page.header() - Verified that 'help' enabled on top right corner VoiceWatch dashboard
[DEBUG] 2019-07-07 14:43:37,518 pom002_VoiceWatch_Home_Page.header() - Verified that 'Help' Text appeared on top left corner VoiceWatch dashboard
[DEBUG] 2019-07-07 14:43:37,564 pom002_VoiceWatch_Home_Page.footer() - Verified that 'BackToTop link' appeared on bottom right corner VoiceWatch dashboard
[DEBUG] 2019-07-07 14:43:37,580 pom002_VoiceWatch_Home_Page.footer() - Verified that 'BackToTop link' enabled on bottom right corner VoiceWatch dashboard
[DEBUG] 2019-07-07 14:43:37,596 pom002_VoiceWatch_Home_Page.footer() - Verified that 'Back to top' Text appeared on top left corner VoiceWatch dashboard
[DEBUG] 2019-07-07 14:43:37,642 pom002_VoiceWatch_Home_Page.footer() - Verified that 'Version' Text appeared on bottom left corner VoiceWatch dashboard
[DEBUG] 2019-07-07 14:43:37,658 pom002_VoiceWatch_Home_Page.footer() - Verified that 'Version' test enabled on right corner VoiceWatch dashboard
[DEBUG] 2019-07-07 14:43:37,674 pom002_VoiceWatch_Home_Page.footer() - Verified that 'Version' Text appeared on top left corner VoiceWatch dashboard
[DEBUG] 2019-07-07 14:43:37,721 pom002_VoiceWatch_Home_Page.footer() - Verified that 'Version Number' appeared on bottom left corner VoiceWatch dashboard
[DEBUG] 2019-07-07 14:43:37,736 pom002_VoiceWatch_Home_Page.footer() - Verified that 'Version Number' enabled on right corner VoiceWatch dashboard
[DEBUG] 2019-07-07 14:43:37,752 pom002_VoiceWatch_Home_Page.footer() - Verified that 'Version contain 26.0' appeared on top left corner VoiceWatch dashboard
[DEBUG] 2019-07-07 14:43:37,799 pom002_VoiceWatch_Home_Page.footer() - Verified that 'Empirix Label' appeared on bottom left corner VoiceWatch dashboard
[DEBUG] 2019-07-07 14:43:37,814 pom002_VoiceWatch_Home_Page.footer() - Verified that 'Empirix Label' enabled on right corner VoiceWatch dashboard
[DEBUG] 2019-07-07 14:43:37,830 pom002_VoiceWatch_Home_Page.footer() - Verified that 'Empirix' Text appeared on top left corner VoiceWatch dashboard
[DEBUG] 2019-07-07 14:43:37,877 pom002_VoiceWatch_Home_Page.header() - Verified that 'Empirix Logo' appeared on top left corner VoiceWatch dashboard
[DEBUG] 2019-07-07 14:43:37,893 pom002_VoiceWatch_Home_Page.header() - Verified that 'Empirix Logo' enabled on top left corner VoiceWatch dashboard
[DEBUG] 2019-07-07 14:43:37,934 pom002_VoiceWatch_Home_Page.header() - Verified that 'Empirix Lebel' appeared on top left corner VoiceWatch dashboard
[DEBUG] 2019-07-07 14:43:37,946 pom002_VoiceWatch_Home_Page.header() - Verified that 'EMPIRIX' Text appeared on top left corner VoiceWatch dashboard
[DEBUG] 2019-07-07 14:43:37,958 pom002_VoiceWatch_Home_Page.header() - Verified that 'Empirix label' enabled on top left corner VoiceWatch dashboard
[DEBUG] 2019-07-07 14:43:37,986 pom002_VoiceWatch_Home_Page.header() - Verified that 'Application Name' appeared on top left corner VoiceWatch dashboard
[DEBUG] 2019-07-07 14:43:37,998 pom002_VoiceWatch_Home_Page.header() - Verified that 'Application Name' enabled on top left corner VoiceWatch dashboard
[DEBUG] 2019-07-07 14:43:38,010 pom002_VoiceWatch_Home_Page.header() - Verified that 'VoiceWatch' Text appeared on top left corner VoiceWatch dashboard
[DEBUG] 2019-07-07 14:43:38,042 pom002_VoiceWatch_Home_Page.header() - Verified that dropdown appeared on top right corner VoiceWatch dashboard
[DEBUG] 2019-07-07 14:43:38,054 pom002_VoiceWatch_Home_Page.header() - Verified that dropdwon enabled on top right corner VoiceWatch dashboard
[DEBUG] 2019-07-07 14:43:38,081 pom002_VoiceWatch_Home_Page.header() - Verified that 'ContacUs' appeared on top right corner VoiceWatch dashboard
[DEBUG] 2019-07-07 14:43:38,097 pom002_VoiceWatch_Home_Page.header() - Verified that 'ContacUs' enabled on top right corner VoiceWatch dashboard
[DEBUG] 2019-07-07 14:43:38,113 pom002_VoiceWatch_Home_Page.header() - Verified that 'Contact Us' Text appeared on top left corner VoiceWatch dashboard
[DEBUG] 2019-07-07 14:43:38,160 pom002_VoiceWatch_Home_Page.header() - Verified that 'Help' appeared on top right corner VoiceWatch dashboard
[DEBUG] 2019-07-07 14:43:38,175 pom002_VoiceWatch_Home_Page.header() - Verified that 'help' enabled on top right corner VoiceWatch dashboard
[DEBUG] 2019-07-07 14:43:38,191 pom002_VoiceWatch_Home_Page.header() - Verified that 'Help' Text appeared on top left corner VoiceWatch dashboard
[DEBUG] 2019-07-07 14:43:38,238 pom002_VoiceWatch_Home_Page.footer() - Verified that 'BackToTop link' appeared on bottom right corner VoiceWatch dashboard
[DEBUG] 2019-07-07 14:43:38,253 pom002_VoiceWatch_Home_Page.footer() - Verified that 'BackToTop link' enabled on bottom right corner VoiceWatch dashboard
[DEBUG] 2019-07-07 14:43:38,269 pom002_VoiceWatch_Home_Page.footer() - Verified that 'Back to top' Text appeared on top left corner VoiceWatch dashboard
[DEBUG] 2019-07-07 14:43:38,316 pom002_VoiceWatch_Home_Page.footer() - Verified that 'Version' Text appeared on bottom left corner VoiceWatch dashboard
[DEBUG] 2019-07-07 14:43:38,332 pom002_VoiceWatch_Home_Page.footer() - Verified that 'Version' test enabled on right corner VoiceWatch dashboard
[DEBUG] 2019-07-07 14:43:38,347 pom002_VoiceWatch_Home_Page.footer() - Verified that 'Version' Text appeared on top left corner VoiceWatch dashboard
[DEBUG] 2019-07-07 14:43:38,394 pom002_VoiceWatch_Home_Page.footer() - Verified that 'Version Number' appeared on bottom left corner VoiceWatch dashboard
[DEBUG] 2019-07-07 14:43:38,397 pom002_VoiceWatch_Home_Page.footer() - Verified that 'Version Number' enabled on right corner VoiceWatch dashboard
[DEBUG] 2019-07-07 14:43:38,413 pom002_VoiceWatch_Home_Page.footer() - Verified that 'Version contain 26.0' appeared on top left corner VoiceWatch dashboard
[DEBUG] 2019-07-07 14:43:38,460 pom002_VoiceWatch_Home_Page.footer() - Verified that 'Empirix Label' appeared on bottom left corner VoiceWatch dashboard
[DEBUG] 2019-07-07 14:43:38,475 pom002_VoiceWatch_Home_Page.footer() - Verified that 'Empirix Label' enabled on right corner VoiceWatch dashboard
[DEBUG] 2019-07-07 14:43:38,491 pom002_VoiceWatch_Home_Page.footer() - Verified that 'Empirix' Text appeared on top left corner VoiceWatch dashboard
[DEBUG] 2019-07-07 14:43:40,261 pom005_VoiceWatch_Tests_Tab.testsValidations() - Verified that 'Tests' label appeared on left side under Tests tab
[DEBUG] 2019-07-07 14:43:40,276 pom005_VoiceWatch_Tests_Tab.testsValidations() - Verified that 'Tests' Text validated on left side under Test Tab
[DEBUG] 2019-07-07 14:43:40,307 pom005_VoiceWatch_Tests_Tab.testsValidations() - Verified that 'Filter by test name' box appeared on n left side under Tests tab
[DEBUG] 2019-07-07 14:43:40,323 pom005_VoiceWatch_Tests_Tab.testsValidations() - Verified that 'Filter by test name or tag filter'enabled under Alert tab
[DEBUG] 2019-07-07 14:43:40,339 pom005_VoiceWatch_Tests_Tab.testsValidations() - Verified that 'Filter by test name' is blank while access test tab
[DEBUG] 2019-07-07 14:43:40,682 pom005_VoiceWatch_Tests_Tab.testsValidations() - Verified that 'Test' label appeared on under Tests tab
[DEBUG] 2019-07-07 14:43:40,698 pom005_VoiceWatch_Tests_Tab.testsValidations() - Verified that 'Test' Text validated under Test Tab
[DEBUG] 2019-07-07 14:43:40,729 pom005_VoiceWatch_Tests_Tab.testsValidations() - Verified that 'Please select a test' label appeared on under Tests tab
[DEBUG] 2019-07-07 14:43:40,745 pom005_VoiceWatch_Tests_Tab.testsValidations() - Verified that 'Please select a test ' Text validated under Test Tab
[INFO ] 2019-07-07 14:43:41,670 TC0010_login_With_Client_OR_Partner_Client_Enhanced_User.applicationClose() - Application closed successfully
